12:18:31.616 [main]  INFO  com.intuit.karate - Karate version: 1.5.1
12:18:35.138 [main]  INFO  com.intuit.karate.Suite - <<pass>> feature 1 of 1 (0 remaining) src/test/resources/github-api.feature
12:20:47.532 [main]  INFO  com.intuit.karate - Karate version: 1.5.1
12:20:47.968 [main]  ERROR c.intuit.karate.core.FeatureParser - not a valid feature file: src/test/resources/github-api.feature - mismatched input '<EOF>' expecting {FEATURE_TAGS, FEATURE}
12:21:20.934 [main]  INFO  com.intuit.karate - Karate version: 1.5.1
12:21:21.369 [main]  ERROR c.intuit.karate.core.FeatureParser - not a valid feature file: src/test/resources/github-api.feature - mismatched input '<EOF>' expecting {FEATURE_TAGS, FEATURE}
12:21:33.544 [main]  INFO  com.intuit.karate - Karate version: 1.5.1
12:21:34.049 [main]  WARN  com.intuit.karate.Suite - failed to backup existing dir: target\karate-reports
12:21:37.387 [main]  INFO  com.intuit.karate.Suite - <<pass>> feature 1 of 1 (0 remaining) src/test/resources/github-api.feature
12:23:28.045 [main]  INFO  com.intuit.karate - Karate version: 1.5.1
12:23:28.540 [main]  WARN  com.intuit.karate.Suite - failed to backup existing dir: target\karate-reports
12:23:31.039 [main]  DEBUG com.intuit.karate - request:
1 > GET https://api.github.com/users/octocat
1 > Host: api.github.com
1 > Connection: Keep-Alive
1 > User-Agent: Apache-HttpClient/4.5.14 (Java/22.0.1)
1 > Accept-Encoding: gzip,deflate


12:23:32.601 [main]  DEBUG com.intuit.karate - response time in milliseconds: 1476
1 < 200
1 < Date: Fri, 28 Feb 2025 15:23:32 GMT
1 < Content-Type: application/json; charset=utf-8
1 < Cache-Control: public, max-age=60, s-maxage=60
1 < Vary: Accept,Accept-Encoding, Accept, X-Requested-With
1 < ETag: W/"63786d747e0eb7ba3188a58b2462ad3e5cc448c27c8a135b6368823087eb3a05"
1 < Last-Modified: Sat, 22 Feb 2025 12:25:16 GMT
1 < X-GitHub-Media-Type: github.v3; format=json
1 < x-github-api-version-selected: 2022-11-28
1 < Access-Control-Expose-Headers: ETag, Link, Location, Retry-After, X-GitHub-OTP, X-RateLimit-Limit, X-RateLimit-Remaining, X-RateLimit-Used, X-RateLimit-Resource, X-RateLimit-Reset, X-OAuth-Scopes, X-Accepted-OAuth-Scopes, X-Poll-Interval, X-GitHub-Media-Type, X-GitHub-SSO, X-GitHub-Request-Id, Deprecation, Sunset
1 < Access-Control-Allow-Origin: *
1 < Strict-Transport-Security: max-age=31536000; includeSubdomains; preload
1 < X-Frame-Options: deny
1 < X-Content-Type-Options: nosniff
1 < X-XSS-Protection: 0
1 < Referrer-Policy: origin-when-cross-origin, strict-origin-when-cross-origin
1 < Content-Security-Policy: default-src 'none'
1 < Server: github.com
1 < Accept-Ranges: bytes
1 < X-RateLimit-Limit: 60
1 < X-RateLimit-Remaining: 59
1 < X-RateLimit-Reset: 1740759812
1 < X-RateLimit-Resource: core
1 < X-RateLimit-Used: 1
1 < X-GitHub-Request-Id: F1F1:10CEE8:16786F:1A6506:67C1D4F4
{"login":"octocat","id":583231,"node_id":"MDQ6VXNlcjU4MzIzMQ==","avatar_url":"https://avatars.githubusercontent.com/u/583231?v=4","gravatar_id":"","url":"https://api.github.com/users/octocat","html_url":"https://github.com/octocat","followers_url":"https://api.github.com/users/octocat/followers","following_url":"https://api.github.com/users/octocat/following{/other_user}","gists_url":"https://api.github.com/users/octocat/gists{/gist_id}","starred_url":"https://api.github.com/users/octocat/starred{/owner}{/repo}","subscriptions_url":"https://api.github.com/users/octocat/subscriptions","organizations_url":"https://api.github.com/users/octocat/orgs","repos_url":"https://api.github.com/users/octocat/repos","events_url":"https://api.github.com/users/octocat/events{/privacy}","received_events_url":"https://api.github.com/users/octocat/received_events","type":"User","user_view_type":"public","site_admin":false,"name":"The Octocat","company":"@github","blog":"https://github.blog","location":"San Francisco","email":null,"hireable":null,"bio":null,"twitter_username":null,"public_repos":8,"public_gists":8,"followers":17090,"following":9,"created_at":"2011-01-25T18:44:36Z","updated_at":"2025-02-22T12:25:16Z"}

12:23:32.799 [main]  INFO  com.intuit.karate - [print] Respuesta primer escenario: {
  "login": "octocat",
  "id": 583231,
  "node_id": "MDQ6VXNlcjU4MzIzMQ==",
  "avatar_url": "https://avatars.githubusercontent.com/u/583231?v=4",
  "gravatar_id": "",
  "url": "https://api.github.com/users/octocat",
  "html_url": "https://github.com/octocat",
  "followers_url": "https://api.github.com/users/octocat/followers",
  "following_url": "https://api.github.com/users/octocat/following{/other_user}",
  "gists_url": "https://api.github.com/users/octocat/gists{/gist_id}",
  "starred_url": "https://api.github.com/users/octocat/starred{/owner}{/repo}",
  "subscriptions_url": "https://api.github.com/users/octocat/subscriptions",
  "organizations_url": "https://api.github.com/users/octocat/orgs",
  "repos_url": "https://api.github.com/users/octocat/repos",
  "events_url": "https://api.github.com/users/octocat/events{/privacy}",
  "received_events_url": "https://api.github.com/users/octocat/received_events",
  "type": "User",
  "user_view_type": "public",
  "site_admin": false,
  "name": "The Octocat",
  "company": "@github",
  "blog": "https://github.blog",
  "location": "San Francisco",
  "email": null,
  "hireable": null,
  "bio": null,
  "twitter_username": null,
  "public_repos": 8,
  "public_gists": 8,
  "followers": 17090,
  "following": 9,
  "created_at": "2011-01-25T18:44:36Z",
  "updated_at": "2025-02-22T12:25:16Z"
}
 
12:23:32.896 [main]  ERROR com.intuit.karate - src/test/resources/github-api.feature:11
And match response.company == 'GitHub'
match failed: EQUALS
  $ | not equal (STRING:STRING)
  '@github'
  'GitHub'

src/test/resources/github-api.feature:11
12:23:32.920 [main]  DEBUG com.intuit.karate - request:
1 > GET https://api.github.com/users/octocat
1 > Host: api.github.com
1 > Connection: Keep-Alive
1 > User-Agent: Apache-HttpClient/4.5.14 (Java/22.0.1)
1 > Accept-Encoding: gzip,deflate


12:23:33.226 [main]  DEBUG com.intuit.karate - response time in milliseconds: 237
1 < 200
1 < Date: Fri, 28 Feb 2025 15:23:32 GMT
1 < Content-Type: application/json; charset=utf-8
1 < Cache-Control: public, max-age=60, s-maxage=60
1 < Vary: Accept,Accept-Encoding, Accept, X-Requested-With
1 < ETag: W/"63786d747e0eb7ba3188a58b2462ad3e5cc448c27c8a135b6368823087eb3a05"
1 < Last-Modified: Sat, 22 Feb 2025 12:25:16 GMT
1 < X-GitHub-Media-Type: github.v3; format=json
1 < x-github-api-version-selected: 2022-11-28
1 < Access-Control-Expose-Headers: ETag, Link, Location, Retry-After, X-GitHub-OTP, X-RateLimit-Limit, X-RateLimit-Remaining, X-RateLimit-Used, X-RateLimit-Resource, X-RateLimit-Reset, X-OAuth-Scopes, X-Accepted-OAuth-Scopes, X-Poll-Interval, X-GitHub-Media-Type, X-GitHub-SSO, X-GitHub-Request-Id, Deprecation, Sunset
1 < Access-Control-Allow-Origin: *
1 < Strict-Transport-Security: max-age=31536000; includeSubdomains; preload
1 < X-Frame-Options: deny
1 < X-Content-Type-Options: nosniff
1 < X-XSS-Protection: 0
1 < Referrer-Policy: origin-when-cross-origin, strict-origin-when-cross-origin
1 < Content-Security-Policy: default-src 'none'
1 < Server: github.com
1 < Accept-Ranges: bytes
1 < X-RateLimit-Limit: 60
1 < X-RateLimit-Remaining: 58
1 < X-RateLimit-Reset: 1740759812
1 < X-RateLimit-Resource: core
1 < X-RateLimit-Used: 2
1 < X-GitHub-Request-Id: F1F2:7851A:147A33:1866EE:67C1D4F5
{"login":"octocat","id":583231,"node_id":"MDQ6VXNlcjU4MzIzMQ==","avatar_url":"https://avatars.githubusercontent.com/u/583231?v=4","gravatar_id":"","url":"https://api.github.com/users/octocat","html_url":"https://github.com/octocat","followers_url":"https://api.github.com/users/octocat/followers","following_url":"https://api.github.com/users/octocat/following{/other_user}","gists_url":"https://api.github.com/users/octocat/gists{/gist_id}","starred_url":"https://api.github.com/users/octocat/starred{/owner}{/repo}","subscriptions_url":"https://api.github.com/users/octocat/subscriptions","organizations_url":"https://api.github.com/users/octocat/orgs","repos_url":"https://api.github.com/users/octocat/repos","events_url":"https://api.github.com/users/octocat/events{/privacy}","received_events_url":"https://api.github.com/users/octocat/received_events","type":"User","user_view_type":"public","site_admin":false,"name":"The Octocat","company":"@github","blog":"https://github.blog","location":"San Francisco","email":null,"hireable":null,"bio":null,"twitter_username":null,"public_repos":8,"public_gists":8,"followers":17090,"following":9,"created_at":"2011-01-25T18:44:36Z","updated_at":"2025-02-22T12:25:16Z"}

12:23:33.243 [main]  INFO  com.intuit.karate - [print] DEPURANDO SEGUNDO ESCENARIO 
12:23:33.246 [main]  INFO  com.intuit.karate - [print] Login del usuario: octocat 
12:23:33.251 [main]  INFO  com.intuit.karate - [print] Estado HTTP: 200 
12:23:33.257 [main]  INFO  com.intuit.karate - [print] Respuesta completa: {
  "login": "octocat",
  "id": 583231,
  "node_id": "MDQ6VXNlcjU4MzIzMQ==",
  "avatar_url": "https://avatars.githubusercontent.com/u/583231?v=4",
  "gravatar_id": "",
  "url": "https://api.github.com/users/octocat",
  "html_url": "https://github.com/octocat",
  "followers_url": "https://api.github.com/users/octocat/followers",
  "following_url": "https://api.github.com/users/octocat/following{/other_user}",
  "gists_url": "https://api.github.com/users/octocat/gists{/gist_id}",
  "starred_url": "https://api.github.com/users/octocat/starred{/owner}{/repo}",
  "subscriptions_url": "https://api.github.com/users/octocat/subscriptions",
  "organizations_url": "https://api.github.com/users/octocat/orgs",
  "repos_url": "https://api.github.com/users/octocat/repos",
  "events_url": "https://api.github.com/users/octocat/events{/privacy}",
  "received_events_url": "https://api.github.com/users/octocat/received_events",
  "type": "User",
  "user_view_type": "public",
  "site_admin": false,
  "name": "The Octocat",
  "company": "@github",
  "blog": "https://github.blog",
  "location": "San Francisco",
  "email": null,
  "hireable": null,
  "bio": null,
  "twitter_username": null,
  "public_repos": 8,
  "public_gists": 8,
  "followers": 17090,
  "following": 9,
  "created_at": "2011-01-25T18:44:36Z",
  "updated_at": "2025-02-22T12:25:16Z"
}
 
12:23:33.357 [main]  ERROR com.intuit.karate - src/test/resources/github-api.feature:26
And match response.name == 'WRONG_NAME'  # Debería fallar
js failed:
>>>>
01: 'WRONG_NAME'  # Debería fallar
<<<<
org.graalvm.polyglot.PolyglotException: SyntaxError: Unnamed:1:14 Expected ; but found error
'WRONG_NAME'  # Debería fallar
              ^

- org.graalvm.polyglot.Context.eval(Context.java:428)
- com.intuit.karate.graal.JsEngine.evalForValue(JsEngine.java:169)
- com.intuit.karate.graal.JsEngine.eval(JsEngine.java:165)
- com.intuit.karate.core.ScenarioEngine.evalJs(ScenarioEngine.java:1267)
- com.intuit.karate.core.ScenarioEngine.evalKarateExpression(ScenarioEngine.java:2219)
- com.intuit.karate.core.ScenarioEngine.match(ScenarioEngine.java:1822)
- com.intuit.karate.core.ScenarioEngine.matchResult(ScenarioEngine.java:167)

src/test/resources/github-api.feature:26
12:23:34.620 [main]  INFO  com.intuit.karate.Suite - <<fail>> feature 1 of 1 (0 remaining) src/test/resources/github-api.feature
12:37:05.308 [main]  INFO  com.intuit.karate - Karate version: 1.5.1
12:37:05.799 [main]  WARN  com.intuit.karate.Suite - failed to backup existing dir: target\karate-reports
12:37:08.278 [main]  DEBUG com.intuit.karate - request:
1 > GET https://api.github.com/users/octocat
1 > Host: api.github.com
1 > Connection: Keep-Alive
1 > User-Agent: Apache-HttpClient/4.5.14 (Java/22.0.1)
1 > Accept-Encoding: gzip,deflate


12:37:09.429 [main]  DEBUG com.intuit.karate - response time in milliseconds: 1065
1 < 200
1 < Date: Fri, 28 Feb 2025 15:37:09 GMT
1 < Content-Type: application/json; charset=utf-8
1 < Cache-Control: public, max-age=60, s-maxage=60
1 < Vary: Accept,Accept-Encoding, Accept, X-Requested-With
1 < ETag: W/"63786d747e0eb7ba3188a58b2462ad3e5cc448c27c8a135b6368823087eb3a05"
1 < Last-Modified: Sat, 22 Feb 2025 12:25:16 GMT
1 < X-GitHub-Media-Type: github.v3; format=json
1 < x-github-api-version-selected: 2022-11-28
1 < Access-Control-Expose-Headers: ETag, Link, Location, Retry-After, X-GitHub-OTP, X-RateLimit-Limit, X-RateLimit-Remaining, X-RateLimit-Used, X-RateLimit-Resource, X-RateLimit-Reset, X-OAuth-Scopes, X-Accepted-OAuth-Scopes, X-Poll-Interval, X-GitHub-Media-Type, X-GitHub-SSO, X-GitHub-Request-Id, Deprecation, Sunset
1 < Access-Control-Allow-Origin: *
1 < Strict-Transport-Security: max-age=31536000; includeSubdomains; preload
1 < X-Frame-Options: deny
1 < X-Content-Type-Options: nosniff
1 < X-XSS-Protection: 0
1 < Referrer-Policy: origin-when-cross-origin, strict-origin-when-cross-origin
1 < Content-Security-Policy: default-src 'none'
1 < Server: github.com
1 < Accept-Ranges: bytes
1 < X-RateLimit-Limit: 60
1 < X-RateLimit-Remaining: 57
1 < X-RateLimit-Reset: 1740759812
1 < X-RateLimit-Resource: core
1 < X-RateLimit-Used: 3
1 < X-GitHub-Request-Id: F27F:311ED4:164D61:1A8BB5:67C1D825
{"login":"octocat","id":583231,"node_id":"MDQ6VXNlcjU4MzIzMQ==","avatar_url":"https://avatars.githubusercontent.com/u/583231?v=4","gravatar_id":"","url":"https://api.github.com/users/octocat","html_url":"https://github.com/octocat","followers_url":"https://api.github.com/users/octocat/followers","following_url":"https://api.github.com/users/octocat/following{/other_user}","gists_url":"https://api.github.com/users/octocat/gists{/gist_id}","starred_url":"https://api.github.com/users/octocat/starred{/owner}{/repo}","subscriptions_url":"https://api.github.com/users/octocat/subscriptions","organizations_url":"https://api.github.com/users/octocat/orgs","repos_url":"https://api.github.com/users/octocat/repos","events_url":"https://api.github.com/users/octocat/events{/privacy}","received_events_url":"https://api.github.com/users/octocat/received_events","type":"User","user_view_type":"public","site_admin":false,"name":"The Octocat","company":"@github","blog":"https://github.blog","location":"San Francisco","email":null,"hireable":null,"bio":null,"twitter_username":null,"public_repos":8,"public_gists":8,"followers":17090,"following":9,"created_at":"2011-01-25T18:44:36Z","updated_at":"2025-02-22T12:25:16Z"}

12:37:09.593 [main]  INFO  com.intuit.karate - [print] Respuesta primer escenario: {
  "login": "octocat",
  "id": 583231,
  "node_id": "MDQ6VXNlcjU4MzIzMQ==",
  "avatar_url": "https://avatars.githubusercontent.com/u/583231?v=4",
  "gravatar_id": "",
  "url": "https://api.github.com/users/octocat",
  "html_url": "https://github.com/octocat",
  "followers_url": "https://api.github.com/users/octocat/followers",
  "following_url": "https://api.github.com/users/octocat/following{/other_user}",
  "gists_url": "https://api.github.com/users/octocat/gists{/gist_id}",
  "starred_url": "https://api.github.com/users/octocat/starred{/owner}{/repo}",
  "subscriptions_url": "https://api.github.com/users/octocat/subscriptions",
  "organizations_url": "https://api.github.com/users/octocat/orgs",
  "repos_url": "https://api.github.com/users/octocat/repos",
  "events_url": "https://api.github.com/users/octocat/events{/privacy}",
  "received_events_url": "https://api.github.com/users/octocat/received_events",
  "type": "User",
  "user_view_type": "public",
  "site_admin": false,
  "name": "The Octocat",
  "company": "@github",
  "blog": "https://github.blog",
  "location": "San Francisco",
  "email": null,
  "hireable": null,
  "bio": null,
  "twitter_username": null,
  "public_repos": 8,
  "public_gists": 8,
  "followers": 17090,
  "following": 9,
  "created_at": "2011-01-25T18:44:36Z",
  "updated_at": "2025-02-22T12:25:16Z"
}
 
12:37:09.710 [main]  ERROR com.intuit.karate - src/test/resources/github-api.feature:11
And match response.company == 'GitHub'
match failed: EQUALS
  $ | not equal (STRING:STRING)
  '@github'
  'GitHub'

src/test/resources/github-api.feature:11
12:37:09.738 [main]  DEBUG com.intuit.karate - request:
1 > GET https://api.github.com/users/octocat
1 > Host: api.github.com
1 > Connection: Keep-Alive
1 > User-Agent: Apache-HttpClient/4.5.14 (Java/22.0.1)
1 > Accept-Encoding: gzip,deflate


12:37:10.050 [main]  DEBUG com.intuit.karate - response time in milliseconds: 246
1 < 200
1 < Date: Fri, 28 Feb 2025 15:37:09 GMT
1 < Content-Type: application/json; charset=utf-8
1 < Cache-Control: public, max-age=60, s-maxage=60
1 < Vary: Accept,Accept-Encoding, Accept, X-Requested-With
1 < ETag: W/"63786d747e0eb7ba3188a58b2462ad3e5cc448c27c8a135b6368823087eb3a05"
1 < Last-Modified: Sat, 22 Feb 2025 12:25:16 GMT
1 < X-GitHub-Media-Type: github.v3; format=json
1 < x-github-api-version-selected: 2022-11-28
1 < Access-Control-Expose-Headers: ETag, Link, Location, Retry-After, X-GitHub-OTP, X-RateLimit-Limit, X-RateLimit-Remaining, X-RateLimit-Used, X-RateLimit-Resource, X-RateLimit-Reset, X-OAuth-Scopes, X-Accepted-OAuth-Scopes, X-Poll-Interval, X-GitHub-Media-Type, X-GitHub-SSO, X-GitHub-Request-Id, Deprecation, Sunset
1 < Access-Control-Allow-Origin: *
1 < Strict-Transport-Security: max-age=31536000; includeSubdomains; preload
1 < X-Frame-Options: deny
1 < X-Content-Type-Options: nosniff
1 < X-XSS-Protection: 0
1 < Referrer-Policy: origin-when-cross-origin, strict-origin-when-cross-origin
1 < Content-Security-Policy: default-src 'none'
1 < Server: github.com
1 < Accept-Ranges: bytes
1 < X-RateLimit-Limit: 60
1 < X-RateLimit-Remaining: 56
1 < X-RateLimit-Reset: 1740759812
1 < X-RateLimit-Resource: core
1 < X-RateLimit-Used: 4
1 < X-GitHub-Request-Id: F280:9848E:160207:1A405A:67C1D826
{"login":"octocat","id":583231,"node_id":"MDQ6VXNlcjU4MzIzMQ==","avatar_url":"https://avatars.githubusercontent.com/u/583231?v=4","gravatar_id":"","url":"https://api.github.com/users/octocat","html_url":"https://github.com/octocat","followers_url":"https://api.github.com/users/octocat/followers","following_url":"https://api.github.com/users/octocat/following{/other_user}","gists_url":"https://api.github.com/users/octocat/gists{/gist_id}","starred_url":"https://api.github.com/users/octocat/starred{/owner}{/repo}","subscriptions_url":"https://api.github.com/users/octocat/subscriptions","organizations_url":"https://api.github.com/users/octocat/orgs","repos_url":"https://api.github.com/users/octocat/repos","events_url":"https://api.github.com/users/octocat/events{/privacy}","received_events_url":"https://api.github.com/users/octocat/received_events","type":"User","user_view_type":"public","site_admin":false,"name":"The Octocat","company":"@github","blog":"https://github.blog","location":"San Francisco","email":null,"hireable":null,"bio":null,"twitter_username":null,"public_repos":8,"public_gists":8,"followers":17090,"following":9,"created_at":"2011-01-25T18:44:36Z","updated_at":"2025-02-22T12:25:16Z"}

12:37:10.084 [main]  INFO  com.intuit.karate - [print] DEPURANDO SEGUNDO ESCENARIO 
12:37:10.087 [main]  INFO  com.intuit.karate - [print] Login del usuario: octocat 
12:37:10.092 [main]  INFO  com.intuit.karate - [print] Estado HTTP: 200 
12:37:10.103 [main]  INFO  com.intuit.karate - [print] Respuesta completa: {
  "login": "octocat",
  "id": 583231,
  "node_id": "MDQ6VXNlcjU4MzIzMQ==",
  "avatar_url": "https://avatars.githubusercontent.com/u/583231?v=4",
  "gravatar_id": "",
  "url": "https://api.github.com/users/octocat",
  "html_url": "https://github.com/octocat",
  "followers_url": "https://api.github.com/users/octocat/followers",
  "following_url": "https://api.github.com/users/octocat/following{/other_user}",
  "gists_url": "https://api.github.com/users/octocat/gists{/gist_id}",
  "starred_url": "https://api.github.com/users/octocat/starred{/owner}{/repo}",
  "subscriptions_url": "https://api.github.com/users/octocat/subscriptions",
  "organizations_url": "https://api.github.com/users/octocat/orgs",
  "repos_url": "https://api.github.com/users/octocat/repos",
  "events_url": "https://api.github.com/users/octocat/events{/privacy}",
  "received_events_url": "https://api.github.com/users/octocat/received_events",
  "type": "User",
  "user_view_type": "public",
  "site_admin": false,
  "name": "The Octocat",
  "company": "@github",
  "blog": "https://github.blog",
  "location": "San Francisco",
  "email": null,
  "hireable": null,
  "bio": null,
  "twitter_username": null,
  "public_repos": 8,
  "public_gists": 8,
  "followers": 17090,
  "following": 9,
  "created_at": "2011-01-25T18:44:36Z",
  "updated_at": "2025-02-22T12:25:16Z"
}
 
12:37:10.158 [main]  ERROR com.intuit.karate - src/test/resources/github-api.feature:26
And match response.name == 'WRONG_NAME'  # Debería fallar
js failed:
>>>>
01: 'WRONG_NAME'  # Debería fallar
<<<<
org.graalvm.polyglot.PolyglotException: SyntaxError: Unnamed:1:14 Expected ; but found error
'WRONG_NAME'  # Debería fallar
              ^

- org.graalvm.polyglot.Context.eval(Context.java:428)
- com.intuit.karate.graal.JsEngine.evalForValue(JsEngine.java:169)
- com.intuit.karate.graal.JsEngine.eval(JsEngine.java:165)
- com.intuit.karate.core.ScenarioEngine.evalJs(ScenarioEngine.java:1267)
- com.intuit.karate.core.ScenarioEngine.evalKarateExpression(ScenarioEngine.java:2219)
- com.intuit.karate.core.ScenarioEngine.match(ScenarioEngine.java:1822)
- com.intuit.karate.core.ScenarioEngine.matchResult(ScenarioEngine.java:167)

src/test/resources/github-api.feature:26
12:37:10.178 [main]  DEBUG com.intuit.karate - request:
1 > GET https://api.github.com/users/patriciorodriguezr
1 > Host: api.github.com
1 > Connection: Keep-Alive
1 > User-Agent: Apache-HttpClient/4.5.14 (Java/22.0.1)
1 > Accept-Encoding: gzip,deflate


12:37:10.645 [main]  DEBUG com.intuit.karate - response time in milliseconds: 402
1 < 200
1 < Date: Fri, 28 Feb 2025 15:37:10 GMT
1 < Content-Type: application/json; charset=utf-8
1 < Cache-Control: public, max-age=60, s-maxage=60
1 < Vary: Accept,Accept-Encoding, Accept, X-Requested-With
1 < ETag: W/"d6977ef94dfa1513ac3caa610d5f37798988423cce5ae3a54bf264ed065a28eb"
1 < Last-Modified: Thu, 27 Feb 2025 19:09:29 GMT
1 < X-GitHub-Media-Type: github.v3; format=json
1 < x-github-api-version-selected: 2022-11-28
1 < Access-Control-Expose-Headers: ETag, Link, Location, Retry-After, X-GitHub-OTP, X-RateLimit-Limit, X-RateLimit-Remaining, X-RateLimit-Used, X-RateLimit-Resource, X-RateLimit-Reset, X-OAuth-Scopes, X-Accepted-OAuth-Scopes, X-Poll-Interval, X-GitHub-Media-Type, X-GitHub-SSO, X-GitHub-Request-Id, Deprecation, Sunset
1 < Access-Control-Allow-Origin: *
1 < Strict-Transport-Security: max-age=31536000; includeSubdomains; preload
1 < X-Frame-Options: deny
1 < X-Content-Type-Options: nosniff
1 < X-XSS-Protection: 0
1 < Referrer-Policy: origin-when-cross-origin, strict-origin-when-cross-origin
1 < Content-Security-Policy: default-src 'none'
1 < Server: github.com
1 < Accept-Ranges: bytes
1 < X-RateLimit-Limit: 60
1 < X-RateLimit-Remaining: 55
1 < X-RateLimit-Reset: 1740759812
1 < X-RateLimit-Resource: core
1 < X-RateLimit-Used: 5
1 < X-GitHub-Request-Id: F281:306EF1:16C473:1B02D8:67C1D826
{"login":"patriciorodriguezr","id":37450133,"node_id":"MDQ6VXNlcjM3NDUwMTMz","avatar_url":"https://avatars.githubusercontent.com/u/37450133?v=4","gravatar_id":"","url":"https://api.github.com/users/patriciorodriguezr","html_url":"https://github.com/patriciorodriguezr","followers_url":"https://api.github.com/users/patriciorodriguezr/followers","following_url":"https://api.github.com/users/patriciorodriguezr/following{/other_user}","gists_url":"https://api.github.com/users/patriciorodriguezr/gists{/gist_id}","starred_url":"https://api.github.com/users/patriciorodriguezr/starred{/owner}{/repo}","subscriptions_url":"https://api.github.com/users/patriciorodriguezr/subscriptions","organizations_url":"https://api.github.com/users/patriciorodriguezr/orgs","repos_url":"https://api.github.com/users/patriciorodriguezr/repos","events_url":"https://api.github.com/users/patriciorodriguezr/events{/privacy}","received_events_url":"https://api.github.com/users/patriciorodriguezr/received_events","type":"User","user_view_type":"public","site_admin":false,"name":null,"company":null,"blog":"","location":null,"email":null,"hireable":null,"bio":null,"twitter_username":null,"public_repos":6,"public_gists":0,"followers":0,"following":0,"created_at":"2018-03-16T15:50:05Z","updated_at":"2025-02-27T19:09:29Z"}

12:37:10.675 [main]  INFO  com.intuit.karate - [print] Login del usuario: patriciorodriguezr 
12:37:10.677 [main]  INFO  com.intuit.karate - [print] Respuesta completa: {
  "login": "patriciorodriguezr",
  "id": 37450133,
  "node_id": "MDQ6VXNlcjM3NDUwMTMz",
  "avatar_url": "https://avatars.githubusercontent.com/u/37450133?v=4",
  "gravatar_id": "",
  "url": "https://api.github.com/users/patriciorodriguezr",
  "html_url": "https://github.com/patriciorodriguezr",
  "followers_url": "https://api.github.com/users/patriciorodriguezr/followers",
  "following_url": "https://api.github.com/users/patriciorodriguezr/following{/other_user}",
  "gists_url": "https://api.github.com/users/patriciorodriguezr/gists{/gist_id}",
  "starred_url": "https://api.github.com/users/patriciorodriguezr/starred{/owner}{/repo}",
  "subscriptions_url": "https://api.github.com/users/patriciorodriguezr/subscriptions",
  "organizations_url": "https://api.github.com/users/patriciorodriguezr/orgs",
  "repos_url": "https://api.github.com/users/patriciorodriguezr/repos",
  "events_url": "https://api.github.com/users/patriciorodriguezr/events{/privacy}",
  "received_events_url": "https://api.github.com/users/patriciorodriguezr/received_events",
  "type": "User",
  "user_view_type": "public",
  "site_admin": false,
  "name": null,
  "company": null,
  "blog": "",
  "location": null,
  "email": null,
  "hireable": null,
  "bio": null,
  "twitter_username": null,
  "public_repos": 6,
  "public_gists": 0,
  "followers": 0,
  "following": 0,
  "created_at": "2018-03-16T15:50:05Z",
  "updated_at": "2025-02-27T19:09:29Z"
}
 
12:37:12.364 [main]  INFO  com.intuit.karate.Suite - <<fail>> feature 1 of 1 (0 remaining) src/test/resources/github-api.feature
